<?xml version="1.0" encoding="UTF-8"?>
<testsuites name="Mocha Tests" time="0.0000" tests="1" failures="1">
  <testsuite name="Root Suite" timestamp="2022-10-06T18:07:09" tests="0" file="cypress/integration/Marketplace Legado/LoginLegado.spec.js" time="0.0000" failures="0">
  </testsuite>
  <testsuite name="Realizar Login na campanha legado com sucesso" timestamp="2022-10-06T18:07:09" tests="1" time="0.0000" failures="1">
    <testcase name="Realizar Login na campanha legado com sucesso Usuário deverá realizar acesso ao sistema legado com sucesso" time="0.0000" classname="Usuário deverá realizar acesso ao sistema legado com sucesso">
      <failure message="Timed out retrying after 4000ms: Expected to find element: `input[id=&quot;txtLogin&quot;]`, but never found it." type="AssertionError"><![CDATA[AssertionError: Timed out retrying after 4000ms: Expected to find element: `input[id="txtLogin"]`, but never found it.
    at Context.eval (https://iqoption.com/__cypress/tests?p=cypress\integration\Marketplace%2520Legado\LoginLegado.spec.js:108:8)]]></failure>
    </testcase>
  </testsuite>
</testsuites>