<?xml version="1.0" encoding="UTF-8"?>
<testsuites name="Mocha Tests" time="0.0000" tests="1" failures="1">
  <testsuite name="Root Suite" timestamp="2022-09-28T11:29:02" tests="0" file="cypress/integration/Front-End/Voucher.spec.js" time="0.0000" failures="0">
  </testsuite>
  <testsuite name="Realizar resgate de Voucher com Sucesso" timestamp="2022-09-28T11:29:02" tests="1" time="0.0000" failures="1">
    <testcase name="Realizar resgate de Voucher com Sucesso Usuário deverá realizar resgate de voucher com sucesso" time="0.0000" classname="Usuário deverá realizar resgate de voucher com sucesso">
      <failure message="`cy.type()` can only be called on a single element. Your subject contained 2 elements.

https://on.cypress.io/type" type="CypressError"><![CDATA[CypressError: `cy.type()` can only be called on a single element. Your subject contained 2 elements.

https://on.cypress.io/type
    at Context.type (https://padrao-qa2.webpremios.digital/__cypress/runner/cypress_runner.js:158836:76)
    at Context.<anonymous> (https://padrao-qa2.webpremios.digital/__cypress/runner/cypress_runner.js:178437:19)
From Your Spec Code:
    at Context.eval (https://padrao-qa2.webpremios.digital/__cypress/tests?p=cypress\integration\Front-End\Voucher.spec.js:129:36)]]></failure>
    </testcase>
  </testsuite>
</testsuites>