<?xml version="1.0" encoding="UTF-8"?>
<testsuites name="Mocha Tests" time="32.1280" tests="1" failures="0">
  <testsuite name="Root Suite" timestamp="2022-10-06T18:03:25" tests="0" file="cypress/integration/Front-End/Pedidos.spec.js" time="0.0000" failures="0">
  </testsuite>
  <testsuite name="Verificar Pedidos" timestamp="2022-10-06T18:03:25" tests="1" time="32.1280" failures="0">
    <testcase name="Verificar Pedidos Usuário deverá verificar pedidos confirmados" time="32.1280" classname="Usuário deverá verificar pedidos confirmados">
    </testcase>
  </testsuite>
</testsuites>