<?xml version="1.0" encoding="UTF-8"?>
<testsuites name="Mocha Tests" time="32.1520" tests="1" failures="0">
  <testsuite name="Root Suite" timestamp="2022-09-05T15:13:02" tests="0" file="cypress/integration/Login.spec.js" time="0.0000" failures="0">
  </testsuite>
  <testsuite name="Realizar Login" timestamp="2022-09-05T15:13:02" tests="1" time="32.1520" failures="0">
    <testcase name="Realizar Login Usuário deverá realizar acesso ao sistema com sucesso" time="32.1520" classname="Usuário deverá realizar acesso ao sistema com sucesso">
    </testcase>
  </testsuite>
</testsuites>