<?xml version="1.0" encoding="UTF-8"?>
<testsuites name="Mocha Tests" time="39.6590" tests="1" failures="0">
  <testsuite name="Root Suite" timestamp="2022-11-01T13:14:57" tests="0" file="cypress/integration/Front-End/Login.spec.js" time="0.0000" failures="0">
  </testsuite>
  <testsuite name="Realizar Login" timestamp="2022-11-01T13:14:57" tests="1" time="39.6590" failures="0">
    <testcase name="Realizar Login Usuário deverá realizar acesso ao sistema com sucesso" time="39.6590" classname="Usuário deverá realizar acesso ao sistema com sucesso">
    </testcase>
  </testsuite>
</testsuites>