<?xml version="1.0" encoding="UTF-8"?>
<testsuites name="Mocha Tests" time="0.0000" tests="1" failures="1">
  <testsuite name="Root Suite" timestamp="2022-11-03T18:57:02" tests="0" file="cypress/integration/Front-End/Milhas.spec.js" time="0.0000" failures="0">
  </testsuite>
  <testsuite name="Realizar Resgate de Milhas com sucesso" timestamp="2022-11-03T18:57:02" tests="1" time="0.0000" failures="1">
    <testcase name="Realizar Resgate de Milhas com sucesso Usuário deverá realizar resgate do Milhas com sucesso" time="0.0000" classname="Usuário deverá realizar resgate do Milhas com sucesso">
      <failure message="Timed out retrying after 4050ms: `cy.click()` failed because this element is not visible:

`&lt;li role=&quot;option&quot; tabindex=&quot;-1&quot; value=&quot;21185&quot; class=&quot;txt-body-sm row pointer select-img 
                  
                &quot;&gt;...&lt;/li&gt;`

This element `&lt;li.txt-body-sm.row.pointer.select-img.&gt;` is not visible because its parent `&lt;ul.select-options&gt;` has CSS property: `display: none`

Fix this problem, or use `{force: true}` to disable error checking.

https://on.cypress.io/element-cannot-be-interacted-with" type="CypressError"><![CDATA[CypressError: Timed out retrying after 4050ms: `cy.click()` failed because this element is not visible:

`<li role="option" tabindex="-1" value="21185" class="txt-body-sm row pointer select-img 
                  
                ">...</li>`

This element `<li.txt-body-sm.row.pointer.select-img.>` is not visible because its parent `<ul.select-options>` has CSS property: `display: none`

Fix this problem, or use `{force: true}` to disable error checking.

https://on.cypress.io/element-cannot-be-interacted-with
    at runVisibilityCheck (https://padrao-qa2.webpremios.digital/__cypress/runner/cypress_runner.js:168736:76)
    at $Cy.ensureStrictVisibility (https://padrao-qa2.webpremios.digital/__cypress/runner/cypress_runner.js:168752:12)
    at runAllChecks (https://padrao-qa2.webpremios.digital/__cypress/runner/cypress_runner.js:154700:14)
    at retryActionability (https://padrao-qa2.webpremios.digital/__cypress/runner/cypress_runner.js:154755:16)
    at tryCatcher (https://padrao-qa2.webpremios.digital/__cypress/runner/cypress_runner.js:13022:23)
    at Function.Promise.attempt.Promise.try (https://padrao-qa2.webpremios.digital/__cypress/runner/cypress_runner.js:10296:29)
    at whenStable (https://padrao-qa2.webpremios.digital/__cypress/runner/cypress_runner.js:173835:65)
    at https://padrao-qa2.webpremios.digital/__cypress/runner/cypress_runner.js:173290:14
    at tryCatcher (https://padrao-qa2.webpremios.digital/__cypress/runner/cypress_runner.js:13022:23)
    at Promise._settlePromiseFromHandler (https://padrao-qa2.webpremios.digital/__cypress/runner/cypress_runner.js:10957:31)
    at Promise._settlePromise (https://padrao-qa2.webpremios.digital/__cypress/runner/cypress_runner.js:11014:18)
    at Promise._settlePromise0 (https://padrao-qa2.webpremios.digital/__cypress/runner/cypress_runner.js:11059:10)
    at Promise._settlePromises (https://padrao-qa2.webpremios.digital/__cypress/runner/cypress_runner.js:11139:18)
    at Promise._fulfill (https://padrao-qa2.webpremios.digital/__cypress/runner/cypress_runner.js:11083:18)
    at https://padrao-qa2.webpremios.digital/__cypress/runner/cypress_runner.js:12697:46
From Your Spec Code:
    at Context.eval (https://padrao-qa2.webpremios.digital/__cypress/tests?p=cypress\integration\Front-End\Milhas.spec.js:127:31)]]></failure>
    </testcase>
  </testsuite>
</testsuites>