<?xml version="1.0" encoding="UTF-8"?>
<testsuites name="Mocha Tests" time="43.1500" tests="1" failures="0">
  <testsuite name="Root Suite" timestamp="2022-09-28T11:29:55" tests="0" file="cypress/integration/Marketplace Legado/LoginLegado.spec.js" time="0.0000" failures="0">
  </testsuite>
  <testsuite name="Realizar Login na campanha legado com sucesso" timestamp="2022-09-28T11:29:55" tests="1" time="43.1500" failures="0">
    <testcase name="Realizar Login na campanha legado com sucesso Usuário deverá realizar acesso ao sistema legado com sucesso" time="43.1500" classname="Usuário deverá realizar acesso ao sistema legado com sucesso">
    </testcase>
  </testsuite>
</testsuites>