<?xml version="1.0" encoding="UTF-8"?>
<testsuites name="Mocha Tests" time="37.8770" tests="1" failures="0">
  <testsuite name="Root Suite" timestamp="2022-09-15T12:25:54" tests="0" file="cypress/integration/Front-End/Login.spec.js" time="0.0000" failures="0">
  </testsuite>
  <testsuite name="Realizar Login" timestamp="2022-09-15T12:25:54" tests="1" time="37.8770" failures="0">
    <testcase name="Realizar Login Usuário deverá realizar acesso ao sistema com sucesso" time="37.8770" classname="Usuário deverá realizar acesso ao sistema com sucesso">
    </testcase>
  </testsuite>
</testsuites>