<?xml version="1.0" encoding="UTF-8"?>
<testsuites name="Mocha Tests" time="0.0000" tests="1" failures="1">
  <testsuite name="Root Suite" timestamp="2022-11-03T13:53:14" tests="0" file="cypress/integration/Front-End/Recarga.spec.js" time="0.0000" failures="0">
  </testsuite>
  <testsuite name="Recarga de Celular" timestamp="2022-11-03T13:53:15" tests="1" time="0.0000" failures="1">
    <testcase name="Recarga de Celular Usuário deverá realizar a recarga de celular com sucesso" time="0.0000" classname="Usuário deverá realizar a recarga de celular com sucesso">
      <failure message="Timed out retrying after 4000ms: Expected to find content: &apos;for=&quot;op-Claro&quot;&apos; but never did." type="AssertionError"><![CDATA[AssertionError: Timed out retrying after 4000ms: Expected to find content: 'for="op-Claro"' but never did.
    at Context.eval (https://padrao-qa2.webpremios.digital/__cypress/tests?p=cypress\integration\Front-End\Recarga.spec.js:126:8)]]></failure>
    </testcase>
  </testsuite>
</testsuites>