<?xml version="1.0" encoding="UTF-8"?>
<testsuites name="Mocha Tests" time="0.0000" tests="1" failures="1">
  <testsuite name="Root Suite" timestamp="2022-11-03T17:37:23" tests="0" file="cypress/integration/Front-End/Milhas.spec.js" time="0.0000" failures="0">
  </testsuite>
  <testsuite name="Realizar Resgate de Milhas com sucesso" timestamp="2022-11-03T17:37:23" tests="1" time="0.0000" failures="1">
    <testcase name="Realizar Resgate de Milhas com sucesso Usuário deverá realizar resgate do Milhas com sucesso" time="0.0000" classname="Usuário deverá realizar resgate do Milhas com sucesso">
      <failure message="Timed out retrying after 4000ms: Expected to find content: &apos;#MileageType&apos; but never did." type="AssertionError"><![CDATA[AssertionError: Timed out retrying after 4000ms: Expected to find content: '#MileageType' but never did.
    at Context.eval (https://padrao-qa2.webpremios.digital/__cypress/tests?p=cypress\integration\Front-End\Milhas.spec.js:126:8)]]></failure>
    </testcase>
  </testsuite>
</testsuites>