<?xml version="1.0" encoding="UTF-8"?>
<testsuites name="Mocha Tests" time="34.0730" tests="1" failures="0">
  <testsuite name="Root Suite" timestamp="2022-08-30T20:16:38" tests="0" file="cypress/integration/Login.spec.js" time="0.0000" failures="0">
  </testsuite>
  <testsuite name="Realizar Login" timestamp="2022-08-30T20:16:38" tests="1" time="34.0730" failures="0">
    <testcase name="Realizar Login Usuário deverá realizar acesso ao sistema com sucesso" time="34.0730" classname="Usuário deverá realizar acesso ao sistema com sucesso">
    </testcase>
  </testsuite>
</testsuites>