<?xml version="1.0" encoding="UTF-8"?>
<testsuites name="Mocha Tests" time="0.0000" tests="1" failures="1">
  <testsuite name="Root Suite" timestamp="2022-09-02T19:10:13" tests="0" file="cypress/integration/Login.spec.js" time="0.0000" failures="0">
  </testsuite>
  <testsuite name="Realizar Login" timestamp="2022-09-02T19:10:13" tests="1" time="0.0000" failures="1">
    <testcase name="Realizar Login Usuário deverá realizar acesso ao sistema com sucesso" time="0.0000" classname="Usuário deverá realizar acesso ao sistema com sucesso">
      <failure message="Timed out retrying after 4000ms: `cy.type()` failed because this element is not visible:

`&lt;input id=&quot;password&quot; name=&quot;password&quot; type=&quot;password&quot; inputmode=&quot;text&quot; pattern=&quot;.*&quot; class=&quot;  undefined  &quot; aria-required=&quot;true&quot; aria-label=&quot;senha&quot; value=&quot;&quot;&gt;`

This element `&lt;input#password..undefined.&gt;` is not visible because its parent `&lt;div#box-password.box-login.row.pb-4.d-none&gt;` has CSS property: `display: none`

Fix this problem, or use `{force: true}` to disable error checking.

https://on.cypress.io/element-cannot-be-interacted-with" type="CypressError"><![CDATA[CypressError: Timed out retrying after 4000ms: `cy.type()` failed because this element is not visible:

`<input id="password" name="password" type="password" inputmode="text" pattern=".*" class="  undefined  " aria-required="true" aria-label="senha" value="">`

This element `<input#password..undefined.>` is not visible because its parent `<div#box-password.box-login.row.pb-4.d-none>` has CSS property: `display: none`

Fix this problem, or use `{force: true}` to disable error checking.

https://on.cypress.io/element-cannot-be-interacted-with
    at runVisibilityCheck (https://padrao-qa2.webpremios.digital/__cypress/runner/cypress_runner.js:168736:76)
    at $Cy.ensureStrictVisibility (https://padrao-qa2.webpremios.digital/__cypress/runner/cypress_runner.js:168752:12)
    at runAllChecks (https://padrao-qa2.webpremios.digital/__cypress/runner/cypress_runner.js:154700:14)
    at retryActionability (https://padrao-qa2.webpremios.digital/__cypress/runner/cypress_runner.js:154755:16)
    at tryCatcher (https://padrao-qa2.webpremios.digital/__cypress/runner/cypress_runner.js:13022:23)
    at Function.Promise.attempt.Promise.try (https://padrao-qa2.webpremios.digital/__cypress/runner/cypress_runner.js:10296:29)
    at whenStable (https://padrao-qa2.webpremios.digital/__cypress/runner/cypress_runner.js:173835:65)
    at https://padrao-qa2.webpremios.digital/__cypress/runner/cypress_runner.js:173290:14
    at tryCatcher (https://padrao-qa2.webpremios.digital/__cypress/runner/cypress_runner.js:13022:23)
    at Promise._settlePromiseFromHandler (https://padrao-qa2.webpremios.digital/__cypress/runner/cypress_runner.js:10957:31)
    at Promise._settlePromise (https://padrao-qa2.webpremios.digital/__cypress/runner/cypress_runner.js:11014:18)
    at Promise._settlePromise0 (https://padrao-qa2.webpremios.digital/__cypress/runner/cypress_runner.js:11059:10)
    at Promise._settlePromises (https://padrao-qa2.webpremios.digital/__cypress/runner/cypress_runner.js:11139:18)
    at Promise._fulfill (https://padrao-qa2.webpremios.digital/__cypress/runner/cypress_runner.js:11083:18)
    at https://padrao-qa2.webpremios.digital/__cypress/runner/cypress_runner.js:12697:46
From Your Spec Code:
    at Context.eval (https://padrao-qa2.webpremios.digital/__cypress/tests?p=cypress\integration\Login.spec.js:119:36)]]></failure>
    </testcase>
  </testsuite>
</testsuites>