<?xml version="1.0" encoding="UTF-8"?>
<testsuites name="Mocha Tests" time="3.6710" tests="1" failures="0">
  <testsuite name="Root Suite" timestamp="2022-09-02T19:10:03" tests="0" file="cypress/integration/Homepage.spec.js" time="0.0000" failures="0">
  </testsuite>
  <testsuite name="Homepage" timestamp="2022-09-02T19:10:03" tests="1" time="3.6710" failures="0">
    <testcase name="Homepage Usuário deverá realizar acesso a homepage do sistema" time="3.6710" classname="Usuário deverá realizar acesso a homepage do sistema">
    </testcase>
  </testsuite>
</testsuites>