<?xml version="1.0" encoding="UTF-8"?>
<testsuites name="Mocha Tests" time="37.2180" tests="1" failures="0">
  <testsuite name="Root Suite" timestamp="2022-09-09T14:51:30" tests="0" file="cypress/integration/Front/Pedidos.spec.js" time="0.0000" failures="0">
  </testsuite>
  <testsuite name="Verificar Pedidos" timestamp="2022-09-09T14:51:30" tests="1" time="37.2180" failures="0">
    <testcase name="Verificar Pedidos Usuário deverá verificar pedidos confirmados" time="37.2180" classname="Usuário deverá verificar pedidos confirmados">
    </testcase>
  </testsuite>
</testsuites>